<?xml version="1.0" encoding="UTF-8"?>
<coverage generated="1675860288586" clover="3.2.0">
  <project timestamp="1675860288586" name="All files">
    <metrics statements="10" coveredstatements="10" conditionals="3" coveredconditionals="3" methods="1" coveredmethods="1" elements="14" coveredelements="14" complexity="0" loc="10" ncloc="10" packages="1" files="1" classes="1"/>
    <file name="Greeting.tsx" path="/home/diego/Desktop/Workspace/react_testing_learning/src/components/Greeting.tsx">
      <metrics statements="10" coveredstatements="10" conditionals="3" coveredconditionals="3" methods="1" coveredmethods="1"/>
      <line num="1" count="1" type="stmt"/>
      <line num="2" count="1" type="stmt"/>
      <line num="3" count="1" type="stmt"/>
      <line num="4" count="1" type="cond" truecount="1" falsecount="0"/>
      <line num="5" count="2" type="stmt"/>
      <line num="6" count="2" type="stmt"/>
      <line num="7" count="2" type="cond" truecount="2" falsecount="0"/>
      <line num="8" count="2" type="stmt"/>
      <line num="9" count="2" type="stmt"/>
      <line num="10" count="2" type="stmt"/>
    </file>
  </project>
</coverage>
