{"/home/diego/Desktop/Workspace/react_testing_learning/src/components/Greeting.tsx": {"path":"/home/diego/Desktop/Workspace/react_testing_learning/src/components/Greeting.tsx","all":false,"statementMap":{"0":{"start":{"line":1,"column":0},"end":{"line":1,"column":26}},"1":{"start":{"line":2,"column":0},"end":{"line":2,"column":49}},"2":{"start":{"line":3,"column":0},"end":{"line":3,"column":0}},"3":{"start":{"line":4,"column":0},"end":{"line":4,"column":51}},"4":{"start":{"line":5,"column":0},"end":{"line":5,"column":10}},"5":{"start":{"line":6,"column":0},"end":{"line":6,"column":9}},"6":{"start":{"line":7,"column":0},"end":{"line":7,"column":52}},"7":{"start":{"line":8,"column":0},"end":{"line":8,"column":10}},"8":{"start":{"line":9,"column":0},"end":{"line":9,"column":4}},"9":{"start":{"line":10,"column":0},"end":{"line":10,"column":2}}},"s":{"0":1,"1":1,"2":1,"3":1,"4":2,"5":2,"6":2,"7":2,"8":2,"9":2},"branchMap":{"0":{"type":"branch","line":4,"loc":{"start":{"line":4,"column":24},"end":{"line":10,"column":2}},"locations":[{"start":{"line":4,"column":24},"end":{"line":10,"column":2}}]},"1":{"type":"branch","line":7,"loc":{"start":{"line":7,"column":24},"end":{"line":7,"column":37}},"locations":[{"start":{"line":7,"column":24},"end":{"line":7,"column":37}}]},"2":{"type":"branch","line":7,"loc":{"start":{"line":7,"column":37},"end":{"line":7,"column":47}},"locations":[{"start":{"line":7,"column":37},"end":{"line":7,"column":47}}]}},"b":{"0":[2],"1":[1],"2":[1]},"fnMap":{"0":{"name":"Greeting","decl":{"start":{"line":4,"column":24},"end":{"line":10,"column":2}},"loc":{"start":{"line":4,"column":24},"end":{"line":10,"column":2}},"line":4}},"f":{"0":2}}
}
